[2026-03-28 05:59:09Z INFO HostContext] No proxy settings were found based on environmental variables (http_proxy/https_proxy/HTTP_PROXY/HTTPS_PROXY)
[2026-03-28 05:59:09Z INFO HostContext] Well known directory 'Bin': 'C:\Users\Diao\Documents\projet-virt\actions-runner\bin'
[2026-03-28 05:59:09Z INFO HostContext] Well known directory 'Root': 'C:\Users\Diao\Documents\projet-virt\actions-runner'
[2026-03-28 05:59:09Z INFO HostContext] Well known config file 'Credentials': 'C:\Users\Diao\Documents\projet-virt\actions-runner\.credentials'
[2026-03-28 05:59:09Z INFO HostContext] Well known directory 'Bin': 'C:\Users\Diao\Documents\projet-virt\actions-runner\bin'
[2026-03-28 05:59:09Z INFO HostContext] Well known directory 'Root': 'C:\Users\Diao\Documents\projet-virt\actions-runner'
[2026-03-28 05:59:09Z INFO HostContext] Well known config file 'Runner': 'C:\Users\Diao\Documents\projet-virt\actions-runner\.runner'
[2026-03-28 05:59:09Z INFO Listener] Runner is built for Windows (X64) - win-x64.
[2026-03-28 05:59:09Z INFO Listener] RuntimeInformation: Microsoft Windows 10.0.26100.
[2026-03-28 05:59:09Z INFO Listener] Version: 2.333.0
[2026-03-28 05:59:09Z INFO Listener] Commit: 8d231aaf863e5fcdd02d35bdfda369feafd08adb
[2026-03-28 05:59:09Z INFO Listener] Culture: fr-SN
[2026-03-28 05:59:09Z INFO Listener] UI Culture: fr-FR
[2026-03-28 05:59:09Z INFO HostContext] Well known directory 'Bin': 'C:\Users\Diao\Documents\projet-virt\actions-runner\bin'
[2026-03-28 05:59:09Z INFO HostContext] Well known directory 'Root': 'C:\Users\Diao\Documents\projet-virt\actions-runner'
[2026-03-28 05:59:09Z INFO Listener] Validating directory permissions for: 'C:\Users\Diao\Documents\projet-virt\actions-runner'
[2026-03-28 05:59:09Z INFO CommandLineParser] Parse
[2026-03-28 05:59:09Z INFO CommandLineParser] Parsing 1 args
[2026-03-28 05:59:09Z INFO CommandLineParser] parsing argument
[2026-03-28 05:59:09Z INFO CommandLineParser] HasArgs: False
[2026-03-28 05:59:09Z INFO CommandLineParser] Adding Command: run
[2026-03-28 05:59:09Z INFO Listener] Arguments parsed
[2026-03-28 05:59:09Z INFO Runner] ExecuteCommand
[2026-03-28 05:59:09Z INFO ConfigurationStore] currentAssemblyLocation: C:\Users\Diao\Documents\projet-virt\actions-runner\bin\Runner.Listener.dll
[2026-03-28 05:59:09Z INFO HostContext] Well known directory 'Bin': 'C:\Users\Diao\Documents\projet-virt\actions-runner\bin'
[2026-03-28 05:59:09Z INFO ConfigurationStore] binPath: C:\Users\Diao\Documents\projet-virt\actions-runner\bin
[2026-03-28 05:59:09Z INFO HostContext] Well known directory 'Bin': 'C:\Users\Diao\Documents\projet-virt\actions-runner\bin'
[2026-03-28 05:59:09Z INFO HostContext] Well known directory 'Root': 'C:\Users\Diao\Documents\projet-virt\actions-runner'
[2026-03-28 05:59:09Z INFO ConfigurationStore] RootFolder: C:\Users\Diao\Documents\projet-virt\actions-runner
[2026-03-28 05:59:09Z INFO HostContext] Well known directory 'Bin': 'C:\Users\Diao\Documents\projet-virt\actions-runner\bin'
[2026-03-28 05:59:09Z INFO HostContext] Well known directory 'Root': 'C:\Users\Diao\Documents\projet-virt\actions-runner'
[2026-03-28 05:59:09Z INFO HostContext] Well known config file 'Runner': 'C:\Users\Diao\Documents\projet-virt\actions-runner\.runner'
[2026-03-28 05:59:09Z INFO ConfigurationStore] ConfigFilePath: C:\Users\Diao\Documents\projet-virt\actions-runner\.runner
[2026-03-28 05:59:09Z INFO HostContext] Well known directory 'Bin': 'C:\Users\Diao\Documents\projet-virt\actions-runner\bin'
[2026-03-28 05:59:09Z INFO HostContext] Well known directory 'Root': 'C:\Users\Diao\Documents\projet-virt\actions-runner'
[2026-03-28 05:59:09Z INFO HostContext] Well known config file 'MigratedRunner': 'C:\Users\Diao\Documents\projet-virt\actions-runner\.runner_migrated'
[2026-03-28 05:59:09Z INFO ConfigurationStore] MigratedConfigFilePath: C:\Users\Diao\Documents\projet-virt\actions-runner\.runner_migrated
[2026-03-28 05:59:09Z INFO HostContext] Well known directory 'Bin': 'C:\Users\Diao\Documents\projet-virt\actions-runner\bin'
[2026-03-28 05:59:09Z INFO HostContext] Well known directory 'Root': 'C:\Users\Diao\Documents\projet-virt\actions-runner'
[2026-03-28 05:59:09Z INFO HostContext] Well known config file 'Credentials': 'C:\Users\Diao\Documents\projet-virt\actions-runner\.credentials'
[2026-03-28 05:59:09Z INFO ConfigurationStore] CredFilePath: C:\Users\Diao\Documents\projet-virt\actions-runner\.credentials
[2026-03-28 05:59:09Z INFO HostContext] Well known directory 'Bin': 'C:\Users\Diao\Documents\projet-virt\actions-runner\bin'
[2026-03-28 05:59:09Z INFO HostContext] Well known directory 'Root': 'C:\Users\Diao\Documents\projet-virt\actions-runner'
[2026-03-28 05:59:09Z INFO HostContext] Well known config file 'MigratedCredentials': 'C:\Users\Diao\Documents\projet-virt\actions-runner\.credentials_migrated'
[2026-03-28 05:59:09Z INFO ConfigurationStore] MigratedCredFilePath: C:\Users\Diao\Documents\projet-virt\actions-runner\.credentials_migrated
[2026-03-28 05:59:09Z INFO HostContext] Well known directory 'Bin': 'C:\Users\Diao\Documents\projet-virt\actions-runner\bin'
[2026-03-28 05:59:09Z INFO HostContext] Well known directory 'Root': 'C:\Users\Diao\Documents\projet-virt\actions-runner'
[2026-03-28 05:59:09Z INFO HostContext] Well known config file 'Service': 'C:\Users\Diao\Documents\projet-virt\actions-runner\.service'
[2026-03-28 05:59:09Z INFO ConfigurationStore] ServiceConfigFilePath: C:\Users\Diao\Documents\projet-virt\actions-runner\.service
[2026-03-28 05:59:09Z INFO CommandSettings] Flag 'help': 'False'
[2026-03-28 05:59:09Z INFO CommandSettings] Flag 'version': 'False'
[2026-03-28 05:59:09Z INFO CommandSettings] Flag 'commit': 'False'
[2026-03-28 05:59:09Z INFO CommandSettings] Flag 'check': 'False'
[2026-03-28 05:59:09Z INFO CommandSettings] Command 'configure': 'False'
[2026-03-28 05:59:09Z INFO CommandSettings] Command 'remove': 'False'
[2026-03-28 05:59:09Z INFO CommandSettings] Command 'warmup': 'False'
[2026-03-28 05:59:09Z INFO ConfigurationManager] LoadSettings
[2026-03-28 05:59:09Z INFO ConfigurationStore] IsConfigured()
[2026-03-28 05:59:09Z INFO ConfigurationStore] IsConfigured: True
[2026-03-28 05:59:09Z INFO ConfigurationManager] Is configured: True
[2026-03-28 05:59:09Z INFO ConfigurationStore] Read setting file: 403 chars
[2026-03-28 05:59:09Z INFO ConfigurationManager] Settings Loaded
[2026-03-28 05:59:09Z INFO ConfigurationStore] IsServiceConfigured()
[2026-03-28 05:59:09Z INFO ConfigurationStore] IsServiceConfigured: False
[2026-03-28 05:59:09Z INFO CommandSettings] Command 'run': 'True'
[2026-03-28 05:59:09Z INFO ConfigurationStore] IsConfigured()
[2026-03-28 05:59:09Z INFO ConfigurationStore] IsConfigured: True
[2026-03-28 05:59:09Z INFO ConfigurationManager] Is configured: True
[2026-03-28 05:59:09Z INFO Runner] Could not parse the argument value '' for StartupType. Defaulting to Manual
[2026-03-28 05:59:09Z INFO Runner] Set runner startup type - Manual
[2026-03-28 05:59:09Z INFO CommandSettings] Flag 'once': 'False'
[2026-03-28 05:59:09Z INFO CommandSettings] Flag 'once': 'False'
[2026-03-28 05:59:09Z INFO Runner] RunAsync
[2026-03-28 05:59:09Z INFO HostContext] Well known directory 'Bin': 'C:\Users\Diao\Documents\projet-virt\actions-runner\bin'
[2026-03-28 05:59:09Z INFO HostContext] Well known directory 'Root': 'C:\Users\Diao\Documents\projet-virt\actions-runner'
[2026-03-28 05:59:09Z INFO HostContext] Well known directory 'Work': 'C:\Users\Diao\Documents\projet-virt\actions-runner\_work'
[2026-03-28 05:59:09Z INFO Runner] Validating directory permissions for: 'C:\Users\Diao\Documents\projet-virt\actions-runner\_work'
[2026-03-28 05:59:09Z INFO ConfigurationManager] LoadMigratedSettings
[2026-03-28 05:59:09Z INFO ConfigurationStore] IsMigratedConfigured()
[2026-03-28 05:59:09Z INFO ConfigurationStore] IsMigratedConfigured: False
[2026-03-28 05:59:09Z INFO Runner] Failed to load migrated settings: No migrated configuration found.
[2026-03-28 05:59:09Z INFO Runner] Falling back to original .runner settings
[2026-03-28 05:59:09Z INFO Runner] Using BrokerMessageListener
[2026-03-28 05:59:09Z INFO BrokerMessageListener] Using provided settings
[2026-03-28 05:59:09Z INFO BrokerMessageListener] {
  "AgentId": 2,
  "AgentName": "SECKOU-DIAO",
  "PoolId": 1,
  "PoolName": "Default",
  "ServerUrl": "https://pipelinesghubeus26.actions.githubusercontent.com/7ZaTHhHWtRlSV1qmX7IIP5W1IGlB1MpFtpdSULlm6fRfkxdtYt/",
  "GitHubUrl": "https://github.com/diaoseckousd-alt/projet-virt",
  "WorkFolder": "_work",
  "UseV2Flow": true,
  "ServerUrlV2": "https://broker.actions.githubusercontent.com/"
}
[2026-03-28 05:59:09Z INFO BrokerMessageListener] Loading Credentials
[2026-03-28 05:59:09Z INFO ConfigurationStore] HasCredentials()
[2026-03-28 05:59:09Z INFO ConfigurationStore] stored True
[2026-03-28 05:59:09Z INFO CredentialManager] GetCredentialProvider
[2026-03-28 05:59:09Z INFO CredentialManager] Creating type OAuth
[2026-03-28 05:59:09Z INFO CredentialManager] Creating credential type: OAuth
[2026-03-28 05:59:09Z INFO HostContext] Well known directory 'Bin': 'C:\Users\Diao\Documents\projet-virt\actions-runner\bin'
[2026-03-28 05:59:09Z INFO HostContext] Well known directory 'Root': 'C:\Users\Diao\Documents\projet-virt\actions-runner'
[2026-03-28 05:59:09Z INFO HostContext] Well known config file 'RSACredentials': 'C:\Users\Diao\Documents\projet-virt\actions-runner\.credentials_rsaparams'
[2026-03-28 05:59:09Z INFO RSAEncryptedFileKeyManager] Loading RSA key parameters from file C:\Users\Diao\Documents\projet-virt\actions-runner\.credentials_rsaparams
[2026-03-28 05:59:09Z INFO BrokerMessageListener] Attempt to create session.
[2026-03-28 05:59:09Z INFO BrokerMessageListener] Connecting to the Broker Server...
[2026-03-28 05:59:09Z INFO ConfigurationStore] HasCredentials()
[2026-03-28 05:59:09Z INFO ConfigurationStore] stored True
[2026-03-28 05:59:09Z INFO CredentialManager] GetCredentialProvider
[2026-03-28 05:59:09Z INFO CredentialManager] Creating type OAuth
[2026-03-28 05:59:09Z INFO CredentialManager] Creating credential type: OAuth
[2026-03-28 05:59:09Z INFO RSAEncryptedFileKeyManager] Loading RSA key parameters from file C:\Users\Diao\Documents\projet-virt\actions-runner\.credentials_rsaparams
[2026-03-28 05:59:09Z INFO BrokerMessageListener] VssConnection created
[2026-03-28 05:59:09Z INFO BrokerMessageListener] Connecting to the Runner server...
[2026-03-28 05:59:09Z INFO RunnerServer] EstablishVssConnection
[2026-03-28 05:59:09Z INFO RunnerServer] Establish connection with 100 seconds timeout.
[2026-03-28 05:59:09Z INFO GitHubActionsService] Starting operation Location.GetConnectionData
[2026-03-28 05:59:09Z INFO RunnerServer] EstablishVssConnection
[2026-03-28 05:59:09Z INFO RunnerServer] Establish connection with 60 seconds timeout.
[2026-03-28 05:59:09Z INFO GitHubActionsService] Starting operation Location.GetConnectionData
[2026-03-28 05:59:09Z INFO RunnerServer] EstablishVssConnection
[2026-03-28 05:59:09Z INFO RunnerServer] Establish connection with 60 seconds timeout.
[2026-03-28 05:59:09Z INFO GitHubActionsService] Starting operation Location.GetConnectionData
[2026-03-28 05:59:10Z INFO GitHubActionsService] Finished operation Location.GetConnectionData
[2026-03-28 05:59:10Z INFO GitHubActionsService] Finished operation Location.GetConnectionData
[2026-03-28 05:59:10Z INFO GitHubActionsService] Finished operation Location.GetConnectionData
[2026-03-28 05:59:10Z INFO BrokerMessageListener] VssConnection created
[2026-03-28 05:59:10Z INFO Terminal] WRITE LINE: 
[2026-03-28 05:59:10Z INFO Terminal] WRITE LINE: 
[2026-03-28 05:59:10Z INFO RSAEncryptedFileKeyManager] Loading RSA key parameters from file C:\Users\Diao\Documents\projet-virt\actions-runner\.credentials_rsaparams
[2026-03-28 05:59:10Z INFO RSAEncryptedFileKeyManager] Loading RSA key parameters from file C:\Users\Diao\Documents\projet-virt\actions-runner\.credentials_rsaparams
[2026-03-28 05:59:11Z INFO GitHubActionsService] AAD Correlation ID for this token request: Unknown
[2026-03-28 05:59:11Z INFO BrokerMessageListener] Session created.
[2026-03-28 05:59:11Z INFO Terminal] WRITE LINE: Current runner version: '2.333.0'
[2026-03-28 05:59:11Z INFO Terminal] WRITE LINE: 2026-03-28 05:59:11Z: Listening for Jobs
[2026-03-28 05:59:11Z INFO JobDispatcher] Set runner/worker IPC timeout to 30 seconds.
[2026-03-28 06:49:22Z INFO RSAEncryptedFileKeyManager] Loading RSA key parameters from file C:\Users\Diao\Documents\projet-virt\actions-runner\.credentials_rsaparams
[2026-03-28 06:49:23Z INFO GitHubActionsService] AAD Correlation ID for this token request: Unknown
[2026-03-28 07:02:44Z INFO BrokerMessageListener] Acknowledging runner request '6a1588f0-abc5-5644-8e1f-f900b7c83265'.
[2026-03-28 07:02:45Z INFO ConfigurationStore] HasCredentials()
[2026-03-28 07:02:45Z INFO ConfigurationStore] stored True
[2026-03-28 07:02:45Z INFO CredentialManager] GetCredentialProvider
[2026-03-28 07:02:45Z INFO CredentialManager] Creating type OAuth
[2026-03-28 07:02:45Z INFO CredentialManager] Creating credential type: OAuth
[2026-03-28 07:02:45Z INFO RSAEncryptedFileKeyManager] Loading RSA key parameters from file C:\Users\Diao\Documents\projet-virt\actions-runner\.credentials_rsaparams
[2026-03-28 07:02:45Z INFO RSAEncryptedFileKeyManager] Loading RSA key parameters from file C:\Users\Diao\Documents\projet-virt\actions-runner\.credentials_rsaparams
[2026-03-28 07:02:45Z INFO RSAEncryptedFileKeyManager] Loading RSA key parameters from file C:\Users\Diao\Documents\projet-virt\actions-runner\.credentials_rsaparams
[2026-03-28 07:02:45Z INFO GitHubActionsService] AAD Correlation ID for this token request: Unknown
[2026-03-28 07:02:46Z INFO JobDispatcher] Job request 0 for plan 5788b893-c692-4426-a0e1-2556269daa78 job 6a1588f0-abc5-5644-8e1f-f900b7c83265 received.
[2026-03-28 07:02:46Z INFO JobDispatcher] Pull OrchestrationId 5788b893-c692-4426-a0e1-2556269daa78.deploy.__default from JWT claims
[2026-03-28 07:02:46Z INFO BrokerMessageListener] Received job status event. JobState: Busy
[2026-03-28 07:02:46Z INFO BrokerMessageListener] _getMessagesTokenSource is already disposed.
[2026-03-28 07:02:46Z INFO Terminal] WRITE LINE: 2026-03-28 07:02:46Z: Running job: deploy
[2026-03-28 07:02:46Z INFO JobDispatcher] Start renew job request 0 for job 6a1588f0-abc5-5644-8e1f-f900b7c83265.
[2026-03-28 07:02:47Z INFO JobDispatcher] Successfully renew job 6a1588f0-abc5-5644-8e1f-f900b7c83265, job is valid till 28/03/2026 07:12:47
[2026-03-28 07:02:47Z INFO HostContext] Well known directory 'Bin': 'C:\Users\Diao\Documents\projet-virt\actions-runner\bin'
[2026-03-28 07:02:47Z INFO ProcessInvokerWrapper] Starting process:
[2026-03-28 07:02:47Z INFO ProcessInvokerWrapper]   File name: 'C:\Users\Diao\Documents\projet-virt\actions-runner\bin\Runner.Worker.exe'
[2026-03-28 07:02:47Z INFO ProcessInvokerWrapper]   Arguments: 'spawnclient 2440 2452'
[2026-03-28 07:02:47Z INFO ProcessInvokerWrapper]   Working directory: 'C:\Users\Diao\Documents\projet-virt\actions-runner\bin'
[2026-03-28 07:02:47Z INFO ProcessInvokerWrapper]   Require exit code zero: 'False'
[2026-03-28 07:02:47Z INFO ProcessInvokerWrapper]   Encoding web name:  ; code page: ''
[2026-03-28 07:02:47Z INFO ProcessInvokerWrapper]   Force kill process on cancellation: 'True'
[2026-03-28 07:02:47Z INFO ProcessInvokerWrapper]   Redirected STDIN: 'False'
[2026-03-28 07:02:47Z INFO ProcessInvokerWrapper]   Persist current code page: 'False'
[2026-03-28 07:02:47Z INFO ProcessInvokerWrapper]   Keep redirected STDIN open: 'False'
[2026-03-28 07:02:47Z INFO ProcessInvokerWrapper]   High priority process: 'True'
[2026-03-28 07:02:47Z INFO ProcessInvokerWrapper] Process started with process id 18756, waiting for process exit.
[2026-03-28 07:02:47Z INFO JobDispatcher] Send job request message to worker for job 6a1588f0-abc5-5644-8e1f-f900b7c83265.
[2026-03-28 07:02:47Z INFO ProcessChannel] Sending message of length 22109, with hash '041ab0fba0f7601d99302a65e04a0e9d8ac0615a663e1118865c17b8aa58283f'
[2026-03-28 07:02:47Z INFO JobNotification] Entering JobStarted Notification
[2026-03-28 07:02:47Z INFO JobNotification] Entering StartMonitor
[2026-03-28 07:03:28Z INFO HostContext] Runner will be shutdown for UserCancelled
[2026-03-28 07:03:28Z WARN GitHubActionsService] GET request to https://broker.actions.githubusercontent.com/message?sessionId=643a326b-d35c-46c4-a455-ac496e86b10b&status=Busy&runnerVersion=2.333.0&os=Windows&architecture=X64&disableUpdate=false has been cancelled.
[2026-03-28 07:03:28Z ERR  BrokerServer] Catch exception during request
[2026-03-28 07:03:28Z ERR  BrokerServer] System.Threading.Tasks.TaskCanceledException: The operation was canceled.
 ---> System.Threading.Tasks.TaskCanceledException: The operation was canceled.
 ---> System.IO.IOException: Unable to read data from the transport connection: L’opération d’entrée/sortie a été abandonnée en raison de l’arrêt d’un thread ou à la demande d’une application..
 ---> System.Net.Sockets.SocketException (995): L’opération d’entrée/sortie a été abandonnée en raison de l’arrêt d’un thread ou à la demande d’une application.
   --- End of inner exception stack trace ---
   at System.Net.Sockets.Socket.AwaitableSocketAsyncEventArgs.ThrowException(SocketError error, CancellationToken cancellationToken)
   at System.Net.Sockets.Socket.AwaitableSocketAsyncEventArgs.System.Threading.Tasks.Sources.IValueTaskSource<System.Int32>.GetResult(Int16 token)
   at System.Net.Security.SslStream.EnsureFullTlsFrameAsync[TIOAdapter](CancellationToken cancellationToken, Int32 estimatedSize)
   at System.Runtime.CompilerServices.PoolingAsyncValueTaskMethodBuilder`1.StateMachineBox`1.System.Threading.Tasks.Sources.IValueTaskSource<TResult>.GetResult(Int16 token)
   at System.Net.Security.SslStream.ReadAsyncInternal[TIOAdapter](Memory`1 buffer, CancellationToken cancellationToken)
   at System.Runtime.CompilerServices.PoolingAsyncValueTaskMethodBuilder`1.StateMachineBox`1.System.Threading.Tasks.Sources.IValueTaskSource<TResult>.GetResult(Int16 token)
   at System.Net.Http.HttpConnection.SendAsync(HttpRequestMessage request, Boolean async, CancellationToken cancellationToken)
   --- End of inner exception stack trace ---
   at System.Net.Http.HttpConnection.SendAsync(HttpRequestMessage request, Boolean async, CancellationToken cancellationToken)
   at System.Net.Http.AuthenticationHelper.SendWithNtAuthAsync(HttpRequestMessage request, Uri authUri, Boolean async, ICredentials credentials, Boolean isProxyAuth, HttpConnection connection, HttpConnectionPool connectionPool, CancellationToken cancellationToken)
   at System.Net.Http.HttpConnectionPool.SendWithVersionDetectionAndRetryAsync(HttpRequestMessage request, Boolean async, Boolean doRequestAuth, CancellationToken cancellationToken)
   at System.Net.Http.AuthenticationHelper.SendWithAuthAsync(HttpRequestMessage request, Uri authUri, Boolean async, ICredentials credentials, Boolean preAuthenticate, Boolean isProxyAuth, Boolean doRequestAuth, HttpConnectionPool pool, CancellationToken cancellationToken)
   at System.Net.Http.RedirectHandler.SendAsync(HttpRequestMessage request, Boolean async, CancellationToken cancellationToken)
   at GitHub.Services.Common.RawHttpMessageHandler.SendAsync(HttpRequestMessage request, CancellationToken cancellationToken)
   at GitHub.Services.Common.VssHttpRetryMessageHandler.SendAsync(HttpRequestMessage request, CancellationToken cancellationToken)
   at System.Net.Http.HttpClient.<SendAsync>g__Core|83_0(HttpRequestMessage request, HttpCompletionOption completionOption, CancellationTokenSource cts, Boolean disposeCts, CancellationTokenSource pendingRequestsCts, CancellationToken originalCancellationToken)
   --- End of inner exception stack trace ---
   at System.Net.Http.HttpClient.HandleFailure(Exception e, Boolean telemetryStarted, HttpResponseMessage response, CancellationTokenSource cts, CancellationToken cancellationToken, CancellationTokenSource pendingRequestsCts)
   at System.Net.Http.HttpClient.<SendAsync>g__Core|83_0(HttpRequestMessage request, HttpCompletionOption completionOption, CancellationTokenSource cts, Boolean disposeCts, CancellationTokenSource pendingRequestsCts, CancellationToken originalCancellationToken)
   at Sdk.WebApi.WebApi.RawHttpClientBase.SendAsync(HttpRequestMessage message, HttpCompletionOption completionOption, Object userState, CancellationToken cancellationToken)
   at Sdk.WebApi.WebApi.RawHttpClientBase.SendAsync[T](HttpRequestMessage message, Boolean readErrorBody, Object userState, CancellationToken cancellationToken)
   at Sdk.WebApi.WebApi.RawHttpClientBase.SendAsync[T](HttpMethod method, IEnumerable`1 additionalHeaders, Uri requestUri, HttpContent content, IEnumerable`1 queryParameters, Boolean readErrorBody, Object userState, CancellationToken cancellationToken)
   at GitHub.Actions.RunService.WebApi.BrokerHttpClient.GetRunnerMessageAsync(Nullable`1 sessionId, String runnerVersion, Nullable`1 status, String os, String architecture, Nullable`1 disableUpdate, CancellationToken cancellationToken)
   at GitHub.Runner.Common.BrokerServer.<>c__DisplayClass7_0.<<GetRunnerMessageAsync>b__0>d.MoveNext()
--- End of stack trace from previous location ---
   at GitHub.Runner.Common.RunnerService.RetryRequest[T](Func`1 func, CancellationToken cancellationToken, Int32 maxAttempts, Func`2 shouldRetry)
[2026-03-28 07:03:28Z ERR  BrokerServer] #####################################################
[2026-03-28 07:03:28Z ERR  BrokerServer] System.Threading.Tasks.TaskCanceledException: The operation was canceled.
 ---> System.IO.IOException: Unable to read data from the transport connection: L’opération d’entrée/sortie a été abandonnée en raison de l’arrêt d’un thread ou à la demande d’une application..
 ---> System.Net.Sockets.SocketException (995): L’opération d’entrée/sortie a été abandonnée en raison de l’arrêt d’un thread ou à la demande d’une application.
   --- End of inner exception stack trace ---
   at System.Net.Sockets.Socket.AwaitableSocketAsyncEventArgs.ThrowException(SocketError error, CancellationToken cancellationToken)
   at System.Net.Sockets.Socket.AwaitableSocketAsyncEventArgs.System.Threading.Tasks.Sources.IValueTaskSource<System.Int32>.GetResult(Int16 token)
   at System.Net.Security.SslStream.EnsureFullTlsFrameAsync[TIOAdapter](CancellationToken cancellationToken, Int32 estimatedSize)
   at System.Runtime.CompilerServices.PoolingAsyncValueTaskMethodBuilder`1.StateMachineBox`1.System.Threading.Tasks.Sources.IValueTaskSource<TResult>.GetResult(Int16 token)
   at System.Net.Security.SslStream.ReadAsyncInternal[TIOAdapter](Memory`1 buffer, CancellationToken cancellationToken)
   at System.Runtime.CompilerServices.PoolingAsyncValueTaskMethodBuilder`1.StateMachineBox`1.System.Threading.Tasks.Sources.IValueTaskSource<TResult>.GetResult(Int16 token)
   at System.Net.Http.HttpConnection.SendAsync(HttpRequestMessage request, Boolean async, CancellationToken cancellationToken)
   --- End of inner exception stack trace ---
   at System.Net.Http.HttpConnection.SendAsync(HttpRequestMessage request, Boolean async, CancellationToken cancellationToken)
   at System.Net.Http.AuthenticationHelper.SendWithNtAuthAsync(HttpRequestMessage request, Uri authUri, Boolean async, ICredentials credentials, Boolean isProxyAuth, HttpConnection connection, HttpConnectionPool connectionPool, CancellationToken cancellationToken)
   at System.Net.Http.HttpConnectionPool.SendWithVersionDetectionAndRetryAsync(HttpRequestMessage request, Boolean async, Boolean doRequestAuth, CancellationToken cancellationToken)
   at System.Net.Http.AuthenticationHelper.SendWithAuthAsync(HttpRequestMessage request, Uri authUri, Boolean async, ICredentials credentials, Boolean preAuthenticate, Boolean isProxyAuth, Boolean doRequestAuth, HttpConnectionPool pool, CancellationToken cancellationToken)
   at System.Net.Http.RedirectHandler.SendAsync(HttpRequestMessage request, Boolean async, CancellationToken cancellationToken)
   at GitHub.Services.Common.RawHttpMessageHandler.SendAsync(HttpRequestMessage request, CancellationToken cancellationToken)
   at GitHub.Services.Common.VssHttpRetryMessageHandler.SendAsync(HttpRequestMessage request, CancellationToken cancellationToken)
   at System.Net.Http.HttpClient.<SendAsync>g__Core|83_0(HttpRequestMessage request, HttpCompletionOption completionOption, CancellationTokenSource cts, Boolean disposeCts, CancellationTokenSource pendingRequestsCts, CancellationToken originalCancellationToken)
[2026-03-28 07:03:28Z ERR  BrokerServer] #####################################################
[2026-03-28 07:03:28Z ERR  BrokerServer] System.IO.IOException: Unable to read data from the transport connection: L’opération d’entrée/sortie a été abandonnée en raison de l’arrêt d’un thread ou à la demande d’une application..
 ---> System.Net.Sockets.SocketException (995): L’opération d’entrée/sortie a été abandonnée en raison de l’arrêt d’un thread ou à la demande d’une application.
   --- End of inner exception stack trace ---
   at System.Net.Sockets.Socket.AwaitableSocketAsyncEventArgs.ThrowException(SocketError error, CancellationToken cancellationToken)
   at System.Net.Sockets.Socket.AwaitableSocketAsyncEventArgs.System.Threading.Tasks.Sources.IValueTaskSource<System.Int32>.GetResult(Int16 token)
   at System.Net.Security.SslStream.EnsureFullTlsFrameAsync[TIOAdapter](CancellationToken cancellationToken, Int32 estimatedSize)
   at System.Runtime.CompilerServices.PoolingAsyncValueTaskMethodBuilder`1.StateMachineBox`1.System.Threading.Tasks.Sources.IValueTaskSource<TResult>.GetResult(Int16 token)
   at System.Net.Security.SslStream.ReadAsyncInternal[TIOAdapter](Memory`1 buffer, CancellationToken cancellationToken)
   at System.Runtime.CompilerServices.PoolingAsyncValueTaskMethodBuilder`1.StateMachineBox`1.System.Threading.Tasks.Sources.IValueTaskSource<TResult>.GetResult(Int16 token)
   at System.Net.Http.HttpConnection.SendAsync(HttpRequestMessage request, Boolean async, CancellationToken cancellationToken)
[2026-03-28 07:03:28Z ERR  BrokerServer] #####################################################
[2026-03-28 07:03:28Z ERR  BrokerServer] System.Net.Sockets.SocketException (995): L’opération d’entrée/sortie a été abandonnée en raison de l’arrêt d’un thread ou à la demande d’une application.
[2026-03-28 07:03:28Z WARN BrokerServer] Back off 9,246 seconds before next retry. 4 attempt left.
[2026-03-28 07:03:28Z INFO BrokerMessageListener] Get next message has been cancelled.
[2026-03-28 07:03:28Z INFO JobDispatcher] Shutting down JobDispatcher. Make sure all WorkerDispatcher has finished.
[2026-03-28 07:03:28Z INFO JobDispatcher] Ensure WorkerDispatcher for job 6a1588f0-abc5-5644-8e1f-f900b7c83265 run to finish, cancel any running job.
[2026-03-28 07:03:28Z INFO JobDispatcher] Send job cancellation message to worker for job 6a1588f0-abc5-5644-8e1f-f900b7c83265.
[2026-03-28 07:03:28Z INFO ProcessChannel] Sending message of length 0, with hash 'e3b0c44298fc1c149afbf4c8996fb92427ae41e4649b934ca495991b7852b855'
[2026-03-28 07:03:31Z INFO ProcessInvokerWrapper] STDOUT/STDERR stream read finished.
[2026-03-28 07:03:31Z INFO ProcessInvokerWrapper] STDOUT/STDERR stream read finished.
[2026-03-28 07:03:31Z INFO ProcessInvokerWrapper] Finished process 18756 with exit code 102, and elapsed time 00:00:44.2272040.
[2026-03-28 07:03:31Z INFO JobDispatcher] finish job request for job 6a1588f0-abc5-5644-8e1f-f900b7c83265 with result: Canceled
[2026-03-28 07:03:31Z INFO Terminal] WRITE LINE: 2026-03-28 07:03:31Z: Job deploy completed with result: Canceled
[2026-03-28 07:03:31Z INFO JobDispatcher] Stop renew job request for job 6a1588f0-abc5-5644-8e1f-f900b7c83265.
[2026-03-28 07:03:31Z INFO JobDispatcher] job renew has been cancelled, stop renew job 6a1588f0-abc5-5644-8e1f-f900b7c83265.
[2026-03-28 07:03:31Z INFO JobNotification] Entering JobCompleted Notification
[2026-03-28 07:03:31Z INFO JobNotification] Entering EndMonitor
[2026-03-28 07:03:31Z INFO Runner] Deleting Runner Session...
[2026-03-28 07:03:32Z INFO Listener] Runner execution been cancelled.
